<?xml version="1.0" encoding="UTF-8"?>
<testng-results skipped="0" failed="0" ignored="0" total="1" passed="1">
  <reporter-output>
  </reporter-output>
  <suite name="Default suite" duration-ms="6142" started-at="2020-04-28T20:30:49 CEST" finished-at="2020-04-28T20:30:55 CEST">
    <groups>
    </groups>
    <test name="Default test" duration-ms="6142" started-at="2020-04-28T20:30:49 CEST" finished-at="2020-04-28T20:30:55 CEST">
      <class name="apiRestAssuredDemo.StaticJson">
        <test-method status="PASS" signature="addBook()[pri:0, instance:apiRestAssuredDemo.StaticJson@45f45fa1]" name="addBook" duration-ms="6117" started-at="2020-04-28T20:30:49 CEST" finished-at="2020-04-28T20:30:55 CEST">
          <reporter-output>
          </reporter-output>
        </test-method> <!-- addBook -->
      </class> <!-- apiRestAssuredDemo.StaticJson -->
    </test> <!-- Default test -->
  </suite> <!-- Default suite -->
</testng-results>
